<?xml version="1.0" encoding="UTF-8"?>
<!-- Generated by org.testng.reporters.JUnitXMLReporter -->
<testsuite hostname="RDS01" ignored="0" name="Test" tests="3" failures="1" timestamp="2020-04-18T21:20:14 CEST" time="18.018" errors="0">
  <testcase name="verifytitle" time="0.077" classname="TestNG.NewTest3"/>
  <testcase name="verifyurl" time="0.08" classname="TestNG.NewTest3">
    <failure type="java.lang.AssertionError" message="expected [www.edureka.com] but found [https://www.facebook.com/]">
      <![CDATA[java.lang.AssertionError: expected [www.edureka.com] but found [https://www.facebook.com/]
at TestNG.NewTest3.verifyurl(NewTest3.java:32)
at java.util.ArrayList.forEach(Unknown Source)
... Removed 32 stack frames]]>
    </failure>
  </testcase> <!-- verifyurl -->
  <testcase name="verifytitle1" time="8.507" classname="TestNG.NewTest4"/>
</testsuite> <!-- Test -->
